\BOOKMARK [0][-]{Liste de Publications.0}{Liste de Publications}{}% 1
\BOOKMARK [0][-]{toc.0}{Table des mati\350res}{}% 2
\BOOKMARK [-1][-]{part.1}{I Dynamiques d'autoionisation dans l'argon et le n\351on}{}% 3
\BOOKMARK [0][-]{chapter.1}{1 Mesure de la phase de la transition au voisinage de la r\351sonance 3s3p64p de l'argon par RABBIT}{part.1}% 4
\BOOKMARK [-1][-]{part.2}{II Polarim\351trie de l'\351mission harmonique g\351n\351r\351e par un champ \340 deux couleurs polaris\351es circulairement en sens oppos\351}{}% 5
\BOOKMARK [0][-]{chapter.2}{2 G\351n\351ration d'harmoniques d'ordre \351lev\351 polaris\351es elliptiquement}{part.2}% 6
\BOOKMARK [1][-]{section.2.1}{2.1 Polarisation de la lumi\350re}{chapter.2}% 7
\BOOKMARK [1][-]{section.2.2}{2.2 G\351n\351ration d'harmoniques d'ordre \351lev\351 \340 partir d'un laser polaris\351 elliptiquement}{chapter.2}% 8
\BOOKMARK [1][-]{section.2.3}{2.3 Autres m\351thodes de g\351n\351ration d'harmoniques d'ordre \351lev\351 polaris\351es elliptiquement}{chapter.2}% 9
\BOOKMARK [2][-]{subsection.2.3.1}{2.3.1 G\351n\351ration dans des mol\351cules align\351es}{section.2.3}% 10
\BOOKMARK [2][-]{subsection.2.3.2}{2.3.2 G\351n\351ration au voisinage d'une r\351sonance}{section.2.3}% 11
\BOOKMARK [1][-]{section.2.4}{2.4 GHOE \340 partir d'un champ \340 deux couleurs polaris\351es circulairement en sens oppos\351}{chapter.2}% 12
\BOOKMARK [0][-]{chapter.3}{3 Etude num\351rique de la GHOE par un champ \340 deux couleurs polaris\351es circulairement en sens oppos\351}{part.2}% 13
\BOOKMARK [1][-]{section.3.1}{3.1 M\351thodes num\351riques}{chapter.3}% 14
\BOOKMARK [1][-]{section.3.2}{3.2 Champs de g\351n\351ration ultra-brefs}{chapter.3}% 15
\BOOKMARK [1][-]{section.3.3}{3.3 Ionisation du milieu de g\351n\351ration}{chapter.3}% 16
\BOOKMARK [1][-]{section.3.4}{3.4 D\351faut de circularit\351 du fondamental}{chapter.3}% 17
\BOOKMARK [0][-]{chapter.4}{4 Mesure compl\350te de l'\351tat de polarisation de l'\351mission harmonique g\351n\351r\351e par un champ \340 deux couleurs polaris\351es circulairement en sens oppos\351}{part.2}% 18
\BOOKMARK [1][-]{section.4.1}{4.1 Principe de la polarim\351trie mol\351culaire}{chapter.4}% 19
\BOOKMARK [2][-]{subsection.4.1.1}{4.1.1 Expression de la distribution angulaire des photo\351lectrons dans le r\351f\351rentiel mol\351culaire}{section.4.1}% 20
\BOOKMARK [2][-]{subsection.4.1.2}{4.1.2 D\351termination de s1 et s2 \340 partir de la distribution angulaire des ions dans le r\351f\351rentiel du laboratoire}{section.4.1}% 21
\BOOKMARK [2][-]{subsection.4.1.3}{4.1.3 D\351termination de s3 \340 partir du dichro\357sme circulaire dans le r\351f\351rentiel mol\351culaire}{section.4.1}% 22
\BOOKMARK [1][-]{section.4.2}{4.2 Dispositif exp\351rimental}{chapter.4}% 23
\BOOKMARK [1][-]{section.4.3}{4.3 R\351sultats}{chapter.4}% 24
\BOOKMARK [2][-]{subsection.4.3.1}{4.3.1 Champs \340 \040et 2 polaris\351s circulairement en sens oppos\351}{section.4.3}% 25
\BOOKMARK [2][-]{subsection.4.3.2}{4.3.2 Champ \340 \040elliptique et champ \340 2 circulaire d'h\351licit\351 oppos\351e}{section.4.3}% 26
\BOOKMARK [1][-]{section.4.4}{4.4 Discussion}{chapter.4}% 27
\BOOKMARK [-1][-]{section*.5}{Bibliographie}{}% 28
